[    0.000000] Initializing cgroup ubsys cpuset
[    0.000000] Initializing cgroup subsys cpu
[    0.000000] Initializing cgroup subsys cpuacct
[    0.000000] Linux version 4.4.0-130-generic (buildd@lgw01-amd64-039) (gcc version 5.4.0 20160609 (Ubuntu 5.4.0-6ubuntu1~16.04.9) ) #156-Ubuntu SMP Thu Jun 14 08:53:28 UTC 2018 (Ubuntu 4.4.0-130.156-generic 4.4.134)
[    0.00000] Command line: BOOT_IMAGE=/boot/vmlinuz-4.4.0-130-generic root=LABEL=cloudimg-rootfs ro console=ty1 console=tyS0
[    0.000000] KERNEL supported cpus:
[   0.000000]  Intel GenuineIntel
[   0.000000]   AMD AuthenticAMD
[    0.000000]   Centaur CentaurHauls
[    0.000000] x86/fpu: xstate_offset[2]:  576, xstate_sizes[2]:  256
[    0.000000] x86/fpu: Supporting XSAVE feature 0x01: 'x87 floating point registers'
[    0.000000] x86/fpu: Supporting XSAVE eature 0x02: 'SSE registers'
[   0.000000] x86/fpu: Supporting XSAVE feature 0x04: 'AVX registers'
[    0.000000] x86/fpu: Enabled xstate features 0x7, context size is 832 bytes, using 'standard' format.
[    0.000000] x86//fpu: Using 'eager' FPU context switches.
[    0.000000] e820: BIOS-provided physical RAM map:
[    0.000000] BIOS-e820: [mem 0x0000000000000000-0x000000000009fb] usable
[    0.000000] BIOS-e820: [mem 0x000000000009fc00-0x000000000009ffff] reserved
[    0.000000] BIOS-e820: [mem 0x00000000000f0000-0x00000000000fffff] reserved
[    0.000000] BIOS-e820: [mem 0x0000000000100000-0x000000003ffefff] usable
[    0.000000 BIOS-e820: [mem 0x000000003fff0000-0x000000003fffffff] ACPI data
[    0.000000] BIOS-e820: [mem 0x00000000fec00000-0x00000000fec00ff] reserved
[   0.000000] BIOS-e820: mem 0x00000000fee00000-0x00000000fee00fff] reservedd
[    0.000000] BIOSe820: [mem x00000000fffc0000-0x00000000ffffffff] reserved
[    0.000000] NX (Execue Disable) protection: active
[    0.0000] SMBIOS .5 present.
[    0.000000] Hypervisor detected: KVM
[    0.000000] e820: last_pfn = 0x3fff0 max_arch_pfn = 0x400000000
[    0.000000] MTRR: Disabled
[    0.000000] x86/PAT: MTRRs disabled, skipping PAT initialization too.
[    0.000000] CPU MTRRs all blank - virtualize system.
[    0.000000] x86/PAT: Configuration [0-7]: WB  WT  UC UC  WB  WT  UC- UC  
[    0.000000] found SMP MP-table at [mem 0x0009fff0-0x0009ffff] mapped at [ffff88000009fff0]
[    0.000000] Scanning 1 areas for low memory corruption
[    0.000000] RAMDISK: [mem 0x36a4000-0x37549fff]
[   0.000000] CCPI:Eary table checksum verification disabled
[    0.000000ACPI: RSDP 0x00000000000E0000 000024 (v02 VBOX  )
[    0.000000] ACPI: XSDT 0x000000003FFF0030 00003C (v01 VBOX   VBOXXSDT 00000001 L  0000061)
[    0.00000] ACPI: FACP 0x000000003FFF00F0 0000F4 (v04 VBOX   VBOXFACP 00000001 ASL  00000061)
[    0.000000] ACPI: DSDT 0x000000003FFF0470 0021FF (v02 VBOX   VBOXBIO 00000002 INTL 20100528)
[    0.000000] ACPI: FACS 0x000000003FFF0200 000040
[    0.000000] ACPI: FACS 0x000000003FFF0200 000040
[    0.000000] ACPI: APIC 0x000000003FFF0240 00005C (v02 VBOX   VBOXAPIC 00000001 ASL  00000061)
[    0.000000] ACPI: SSDT 0x000000003FFF02A0 0001CC (v1 VBOX   VBOXCPUT 00000002 INTL 20100528)
[    0.00000] No NUMA configuration found
[    0.000000] Faking a node at [mem 0x0000000000000000-0x000000003ffeffff]
[    0.000000]NODE_DAT0) allocated [mem 0x3ffeb000-0x3ffeffff]
[    0.000000] kvm-clock: Using msrs 4b564d01 and 4b564d00
[    .000000] kvm-clock: cpu 0, msr 0:3ffe3001, primary cpu clock
[    0000000] kvm-clock: using sched offset of 7616569059 cycles
[    0.000000] clocksource: kvm-clock: mask: 0xffffffffffffffff max_cycles: 0x1cd42e4dffb, max_idle_ns: 881590591483 ns
[    0.000000] Zone ranges:
[    0.000000]   DMA      [mem 0x0000000000001000-0x0000000000ffffff]
[    0.000000]   DMA32    [mem 0x0000000001000000-0x000000003ffeffff]
[    0.000000]   Normal   empty
[    0.000000]   Device   empty
[    0.000000] Movable zone start for each node
[    0.000000] Early memory node ranges
[    0.000000]   node   0: [mem 0x0000000000001000-0x000000000009efff]
[    0.000000]   node   0: [mem 0x0000000000100000-0x000000003ffeffff]
[    0.000000] Initmem setup node 0 [mem 0x0000000000001000-0x000000003ffeffff]
[    0.000000] ACPI: PM-Timer IO Port: 0x4008
[    0.000000] IOAPIC[0]: apic_id 2, version 32, address 0xfec00000, GSI 0-23
[    0.000000] ACPI: INT_SRC_OVR (bus 0 bus_irq 0 global_irq 2 dfl dfl)
[    0.000000] ACPI: INT_SRC_OVR (bus 0 bus_irq 9 global_irq 9 low level)
[    0.000000] Using ACPI (MADT) for SMP configuration information
[    0.000000] smpboot: Allowing 2 CPUs, 0 hotpug CPUs
[   0.000000] PM: Registered nosave memory: [mem 0x00000000-0x00000fff]
[    0.000000] PM: Registered nosave memory: [mem 0x0009f000-0x0009ffff]
[    0.000000] PM: Registered nosave memory: [mem 0x000a0000-0x000effff]
[    0.000000] PM: Registered nosave memory: [mem 0x000f0000-0x000fffff]
[    0.000000] e820: [mem 0x40000000-0xfebfffff] available for PCI devices
[    0.000000] Booting paravirtualized kernel on KVM
    0.000000] clocksource: refined-jiffies: mask: 0xffffffffmax_cycles: 0xffffffff, max_idle_ns: 7645519600211568 ns
[    0.000000] setup_percpu: NR_CPUS:512 nr_cpumask_bits:512 nr_cpu_ids:2 nr_node_ids:1
[    0.000000] PERCPU: Embedded 34 pages/cpu @ffff88003fc00000 s99544 r8192 d31528 u1048576
[    0.000000] PV qspinlock hash table entries: 256 (order: 0, 4096 bytes)
[    0.000000] Built 1 zonelists in Node order, mobility grouping on.  Total pages: 257912
[    0.000000] Policy zone: DMA32
[    0.000000] Kernel command line: BOOT_IMAGE=/boot/vmlinuz-4.4.0-130-generic root=LABEL=cloudimg-rootfs ro console=tty1 console=ttyS0
[    0.000000] PID hash table entries: 4096 (order: 3, 32768 bytes)
[    0.000000] Memory: 1001612K/1048120K available (8546K kernel code,1313K rwdata, 4000K rodata, 1516K init, 1316K bss, 46508K reserved, 0K cma-reserved)
[    0.000000] SLUB: HWalign=64, Order=0-3, MinObjects=0, CPUs=2, Nodes=1
[    0.000000] Kernel/User page tables isolation: enabled
[    0.000000] Hierarchical RCU implementation.
[    0.000000] 	Build-time adjustment o leaf fanout to 64.
[    0.000000] 	RCU restricting CPUs from NR_CPUS=512 to nr_cpu_ids=2.
[    0.000000] RCU: Adjusting geometry for rcu_fanout_leaf=64, nrcpu_ids=2
[    0.000000] NR_IRQS:33024 nr_irqs:40  16
[    0.00000] Console: colour VG+ 80x

[    0.000000] conole [tty1]enabled
[    0.000000] console [ttyS0] enabled
[    0.000000] tsc: Detected 1599.999 Mz processor
[    2.499481] Calibrating delay loop (skipped) preset value.. 3199.99 BogoMIPS (lpj=6399996)
[    2.515596] pid_max: default: 32768 minimum: 301
[    2.520468] ACPI: Core revision 20150930
[    2.523443] ACPI: 2 ACPI AML tables successfully acquired and loaded
[    2.529789] Security Framework initialized
[    2.532826] Yama: becoming mindful.
[    2.536468] AppArmor: AppArmor initialized
[    2.538302] Dentry cache hash table entries: 131072 (order: 8, 1048576 bytes)
[    2.547391] Inode-cache hash table entries: 65536 (order: 7, 524288 bytes)
[    2.553346] Mount-cache hash table entries: 2048 (order: 2, 16384 bytes)
[    2.557056] Mountpoint-cache hash table entries: 2048 (order: 2, 16384 bytes)
[    2.564124] Initializing cgroup subsys io
[    2.568953] Initializing cgroup subsys memory
[    2.571102] Initializing cgroup subsys devices
[    2.581885] Initializing cgroup subsys freezer
[    2.587615] Initializing cgroup subsys net_cls
[    2.597727] Initializing cgroup subsys perf_event
[    2.601487] Initializing cgroup subsys net_prio
[    2.604536] Initializing cgroup subsys hugetlb
[    2.608736] Initializing cgroup subsys pids
[    2.613049] CPU: Physical Processor ID: 0
[    2.614886] CPU: Processor Core ID: 0
[    2.623489] mce: CPU supports 0 MCE banks
[    2.628283] Last level iTLB entries: 4KB 64, 2MB 8, 4MB 8
[    2.630531] Last level dTLB entries: 4KB 64, 2MB 0, 4MB 0, 1GB 4
[    2.640851] Spectre V2 : Mitigation: Full generic retpoline
[    2.650614] Spectre V2 : Speculation control IBPB not-supported IBRS not-supported
[    2.660075] Speculative Store Bypass: Vulnerable
[    2.666257] Freeing SMP alternatives memory: 32K
[    2.678516] ftrace: allocating 32245 entries in 126 pages
[    2.804555] smpboot: APIC(0) Converting physical 0 to logical package 0
[    2.809052] smpboot: Max logical packages: 1
[    2.811914] x2apic enabled
[    2.813645] Switched APIC routing to physical x2apic.
[    2.826042] ..TIMER: vector=0x30 apic1=0 pin1=2 apic2=-1 pin2=-1
[    2.947095] smpboot: CPU0: Intel(R) Core(TM) i5-5250U CPU @ 1.60GHz (family: 0x6, model: 0x3d, stepping: 0x4)
[    2.964437] Performance Events: unsupported p6 CPU model 61 no PMU driver, software events only.
[    2.974501] KVM setup paravirtual spinlock
[    2.985472] x86: Booting SMP configuration:
[    2.989139] .... node  #0, CPUs:      #1
[    2.991270] kvm-clock: cpu 1, msr 0:3ffe3041, secondary cpu clock
[    2.997312] mce: CPU supports 0 MCE banks
[    3.012840] x86: Booted up 1 node, 2 CPUs
[    3.018493] smpboot: Total of 2 processors activated (6399.99 BogoMIPS)
[    3.028476] devtmpfs: initialized
[    3.034015] evm: security.selinux
[    3.036145] evm: security.SMACK64
[    3.041876] evm: security.SMACK64EXEC
[    3.043462] evm: security.SMACK64TRANSMUTE
[    3.046408] evm: security.SMACK64MMAP
[    3.055239] evm: security.ima
[    3.060469] evm: security.capability
[    3.062817] clocksource: jiffies: mask: 0xffffffff max_cycles: 0xffffffff, max_idle_ns: 7645041785100000 ns
[    3.067489] futex hash table entries: 512 (order: 3, 32768 bytes)
[    3.078808] pinctrl core: initialized pinctrl subsystem
[    3.082910] RTC time: 10:11:20, date: 08/02/18
[    3.085473] NET: Registered protocol family 16
[    3.103419] cpuidle: using governor ladder
[    3.119976] cpuidle: using governor menu
[    3.123852] PCCT header not found.
[    3.132526] ACPI: bus type PCI registered
[    3.134690] acpiphp: ACPI Hot Plug PCI Controller Driver version: 0.5
[    3.147808] PCI: Using configuration type 1 for base access
[    3.177984] ACPI: Added _OSI(Module Device)
[    3.188924] ACPI: Added _OSI(Processor Device)
[    3.195237] ACPI: Added _OSI(3.0 _SCP Extensions)
[    3.201574] ACPI: Added _OSI(Processor Aggregator Device)
[    3.206518] ACPI: Executed 1 blocks of module-level executable AML code
[    3.215851] ACPI: Interpreter enabled
[    3.218584] ACPI: (supports S0 S5)
[    3.224466] ACPI: Using IOAPIC for interrupt routing
[    3.229917] PCI: Using host bridge windows from ACPI; if necessary, use "pci=nocrs" and report a bug
[    3.246475] ACPI: PCI Root Bridge [PCI0] (domain 0000 [bus 00-ff])
[    3.251787] acpi PNP0A03:00: _OSC: OS supports [ASPM ClockPM Segments MSI]
[    3.255276] acpi PNP0A03:00: _OSC: not requesting OS control; OS requires [ExtendedConfig ASPM ClockPM MSI]
[    3.262866] acpi PNP0A03:00: fail to add MMCONFIG information, can't access extended PCI configuration space under this bridge.
[    3.282584] PCI host bridge to bus 0000:00
[    3.289912] pci_bus 0000:00: root bus resource [io  0x0000-0x0cf7 window]
[    3.295338] pci_bus 0000:00: root bus resource [io  0x0d00-0xffff window]
[    3.301355] pci_bus 0000:00: root bus resource [mem 0x000a0000-0x000bffff window]
[    3.308672] pci_bus 0000:00: root bus resource [mem 0x40000000-0xfdffffff window]
[    3.312591] pci_bus 0000:00: root bus resource [bus 00-ff]
[    3.320217] pci 0000:00:01.1: legacy IDE quirk: reg 0x10: [io  0x01f0-0x01f7]
[    3.328120] pci 0000:00:01.1: legacy IDE quirk: reg 0x14: [io  0x03f6]
[    3.350257] pci 0000:00:01.1: legacy IDE quirk: reg 0x18: [io  0x0170-0x0177]
[    3.367211] pci 0000:00:01.1: legacy IDE quirk: reg 0x1c: [io  0x0376]
[    3.398535] pci 0000:00:07.0: quirk: [io  0x4000-0x403f] claimed by PIIX4 ACPI
[    3.407622] pci 0000:00:07.0: quirk: [io  0x4100-0x410f] claimed by PIIX4 SMB
[    3.432992] ACPI: PCI Interrupt Link [LNKA] (IRQs 5 9 10 *11)
[    3.437536] ACPI: PCI Interrupt Link [LNKB] (IRQs 5 9 *10 11)
[    3.442710] ACPI: PCI Interrupt Link [LNKC] (IRQs 5 *9 10 11)
[    3.446821] ACPI: PCI Interrupt Link [LNKD] (IRQs 5 9 10 *11)
[    3.456851] ACPI: Enabled 2 GPEs in block 00 to 07
[    3.460933] vgaarb: setting as boot device: PCI:0000:00:02.0
[    3.469185] vgaarb: device added: PCI:0000:00:02.0,decodes=io+mem,owns=io+mem,locks=none
[    3.478928] vgaarb: loaded
[    3.482070] vgaarb: bridge control possible 0000:00:02.0
[    3.484691] SCSI subsystem initialized
[    3.487532] ACPI: bus type USB registered
[    3.489553] usbcore: registered new interface driver usbfs
[    3.493772] usbcore: registered new interface driver hub
[    3.498803] usbcore: registered new device driver usb
[    3.503577] PCI: Using ACPI for IRQ routing
[    3.506410] NetLabel: Initializing
[    3.509074] NetLabel:  domain hash size = 128
[    3.512705] NetLabel:  protocols = UNLABELED CIPSOv4
[    3.519467] NetLabel:  unlabeled traffic allowed by default
[    3.524165] amd_nb: Cannot enumerate AMD northbridges
[    3.529205] clocksource: Switched to clocksource kvm-clock
[    3.543769] AppArmor: AppArmor Filesystem Enabled
[    3.547108] pnp: PnP ACPI init
[    3.549844] pnp: PnP ACPI: found 3 devices
[    3.566224] clocksource: acpi_pm: mask: 0xffffff max_cycles: 0xffffff, ax_ide_n 2085701024 ns
[    3.672693] NET: Registered protocol family 2

[    3.675240] TCP established hash table entries: 8192 (order: 4, 5536 bytes)

[    3.708024] TCP bind hash table entries: 8192 (order: 5, 131072 bytes)
[   3.710371] TCP: Hash tables configured (established8192 bin 8192)
[    3.79578] UDP hash table entries: 512 (order: 2, 16384 bytes)
[    3.819464] UDP-Lite hash table entries: 512 (order: 2, 16384 bytes)
[    3.822130] NET: Registered protocol family 1
[    3.823794] pci 0000:00:00.0: Limiting direct PCI/PCI transfers
[    3.826688] pci 0000:00:01.0: Activating ISA DMA hang workarounds
[    3.82969 Unpacking intramfs...

[    6.935892] Freeing initrd memory: 10904K
[    6.938655] RAPL MU detected, API unit is 2^-32 Joules, 4 fixed counters 1073741820  ovfl timer
[    7.112527] hw uit of domain pp0-core 2^-0 Joules
[    7.184185] hw unit of domain package 2^-0 Joules
[    7.187076] hw unit of domain dram 2^-0 Joules
[    7.191262] hw unit of domain pp1-gpu 2^-0 Joules
[    7.200363] platform rtc_cmos: registered platform RTC device (no PNP device found)
[    7.211932] Scanning for low memory corruption every 60 seconds
[    7.217947] audit: initializing netlink subsys (disabled)
[    7.227833] audit: type=2000 audit(1533204690.836:1): initialized
[    7.236789] Initialise system trusted keyring
[    7.241425] HugeTLB registered 2 MB page size, pre-allocated 0 pages
[    7.248341] zbud: loaded
[    7.250451] VFS: Disk quotas dquot_6.6.0
[    7.253595] VFS: Dquot-cache hash table entries: 512 (order 0, 4096 bytes)
[    7.268618] squashfs: version 4.0 (2009/01/31) Phillip Lougher
[    7.279060] fuse init (API version 7.23

[    7.327402] Key type big_key registered
[    7.340786] Allocating IMA MOK and blacklist keyrings.
[    7.348203] Key type asymmetric registered
[    7.358985] Asymmetric key parser 'x509' registered
[    7.362426] Block layer SCSI generic (bsg) driver version 0.4 loaded (major 249)
[    7.370071] io scheduler noop registered
[    7.381136] io scheduler deadline registered (default)
[    7.398368] io scheduler cfq registered
[    7.414700] pci_hotplug: PCI Hot Plug PCI Core version: 0.5
[    7.473504] pciehp: PCI Express Hot Plug Controller Driver version: 0.4
[    7.500787] ACPI: AC Adapter [AC] (off-line)
[    7.543375] input: Power Button as /devices/LNXSYSTM:00/LNXPWRBN:00/input/input0
[    7.636105] ACPI: Power Button [PWRF]
[    7.668172] input: Sleep Button as /devices/LNXSYSTM:00/LNXSLPBN:00/input/input1
[    7.692317] ACPI: Sleep Button [SLPF]
[    7.696166] GHES: HEST is not enabled!
[    7.698931] ACPI: Battery Slot [BAT0] (battery present

[    7.783043] Serial: 8250/16550 driver, 32 ports, IRQ sharing enabled
[    7.812081] 00:02: ttyS0 at I/O 0x3f8 (irq = 4, base_baud = 115200) is a 16550A
[    7.888433] Linux agpgart interface v0.103
[    7.944714] loop: module loaded
[    7.948712] scsi host0: ata_piix
[    7.957010] scsi host1: ata_piix
[    7.960209] ata1: PATA max UDMA/33 cmd 0x1f0 ctl 0x3f6 bmdma 0xd000 irq 14
[    7.968524] ata2: PATA max UDMA/33 cmd 0x170 ctl 0x376 bmdma 0xd008 irq 15
[    7.978346] libphy: Fixed MDIO Bus: probed
[    7.983741] tun: Universal TUN/TAP device driver, 1.6
[    7.986801] tun: (C) 1999-2004 Max Krasnyansky <maxk@qualcomm.com>
[    7.990621] PPP generic driver version 2.4.2
[    7.994213] ehci_hcd: USB 2.0 'Enhanced' Host Controller (EHCI) Driver
[    7.999182] ehci-pci: EHCI PCI platform driver
[    8.002327] ehci-platform: EHCI generic platform driver
[    8.013111] ohci_hcd: USB 1.1 'Open' Host Controller (OHCI) Driver
[    8.018156] ohci-pci: OHCI PCI platform driver
[    8.022515] ohci-platform: OHCI generic platform driver
[    8.027041] uhci_hcd: USB Universal Host Controller Interface driver
[    8.032374] i8042: PNP: PS/2 Controller [PNP0303:PS2K,PNP0f03:PS2M] at 0x60,0x64 irq 1,12
[    8.040425] serio: i8042 KBD port at 0x60,0x64 irq 1
[    8.044821] serio: i8042 AUX port at 0x60,0x64 irq 12
[    8.049991] mousedev: PS/2 mouse device common for all mice
[    8.056306] rtc_cmos rtc_cmos: rtc core: registered rtc_cmos as rtc0
[    8.124681] rtc_cmos rtc_cmos: alarms up to one day, 114 bytes nvram
[    8.199075] i2c /dev entries driver
[    8.202465] tsc: Refined TSC clocksource calibration: 1601.158 MHz
[    8.202468] clocksource: tsc: mask: 0xffffffffffffffff max_cycles: 0x17146aed9b0, max_idle_ns: 440795232786 ns
[    8.317192] input: AT Translated Set 2 keyboard as /devices/platform/i8042/serio0/input/input2
[    8.375161] device-mapper: uevent: version 1.0.3
[    8.400304] device-mapper: ioctl: 4.34.0-ioctl (2015-10-28) initialised: dm-devel@redhat.com
[    8.451848] ledtrig-cpu: registered to indicate activity on CPUs
[    8.464484] NET: Registered protocol family 10
[    8.479513] NET: Registered protocol family 17
[    8.484754] Key type dns_resolver registered
[    8.489462] registered taskstats version 1
[    8.503997] Loading compiled-in X.509 certificates
[    8.508681] Loaded X.509 cert 'Build time autogenerated kernel key: b3e0fe4bcd6378c38a2c0a4648abbc1fa5043a22'
[    8.543041] zswap: loaded using pool lzo/zbud
[    8.558458] Key type trusted registered
[    8.572215] Key type encrypted registered
[    8.688826] AppArmor: AppArmor sha1 policy hashing enabled
[    8.789838] ima: No TPM chip found, activating TPM-bypass!
[    8.840456] ima: Allocated hash algorithm: sha1
[    8.855444] evm: HMAC attrs: 0x1
[    8.876340]   Magic number: 14:835:172
[    8.892234] rtc_cmos rtc_cmos: setting system clock to 2018-08-02 10:11:26 UTC (1533204686)
[    8.934169] BIOS EDD facility v0.16 2004-Jun-25, 0 devices found
[    8.978295] EDD information not available.
[    9.067253] Freeing unused kernel memory: 1516K
[    9.229355] Write protecting the kernel read-only data: 14336k
[    9.255959] Freeing unused kernel memory: 1680K
[    9.270808] Freeing unused kernel memory: 96K
Loading, please wait...
starting version[    9.334178] random: udevadm: uninitialized urandom read (16 bytes read, 7 bits of entropy available)
 229
[    9.341392] random: systemd-udevd: uninitialized urandom read (16 bytes read, 7 bits of entropy available)
[    9.341519] random: systemd-udevd: uninitialized urandom read (16 bytes read, 7 bits of entropy available)
[    9.341538] random: systemd-udevd: uninitialized urandom read (16 bytes read, 7 bits of entropy available)
[    9.341559] random: systemd-udevd: uninitialized urandom read (16 bytes read, 7 bits of entropy available)
[    9.535768] random: udevadm: uninitialized urandom read (16 bytes read, 7 bits of entropy available)
[    9.581196] random: systemd-udevd: uninitialized urandom read (16 bytes read, 7 bits of entropy available)
[    9.589381] random: udevadm: uninitialized urandom read (16 bytes read, 7 bits of entropy available)
[    9.589548] random: udevadm: uninitialized urandom read (16 bytes read, 7 bits of entropy available)
[    9.590584] random: udevadm: uninitialized urandom read (16 bytes read, 7 bits of entropy available)
[    9.735673] e1000: Intel(R) PRO/1000 Network Driver - version 7.3.21-k8-NAPI
[    9.876043] e1000: Copyright (c) 1999-2006 Intel Corporation.
[   10.022048] Fusion MPT base driver 3.04.20
[   10.036147] Copyright (c) 1999-2008 LSI Corporation
[   10.138563] Fusion MPT SPI Host driver 3.04.20
[   10.211651] AVX2 version of gcm_enc/dec engaged.
[   10.235730] AES CTR mode by8 optimization enabled
[   10.304156] input: ImExPS/2 Generic Explorer Mouse as /devices/platform/i8042/serio1/input/input4
[   11.215985] e1000 0000:00:03.0 eth0: (PCI:33MHz:32-bit) 02:c5:fa:e6:4f:6d
[   11.231814] e1000 0000:00:03.0 eth0: Intel(R) PRO/1000 Network Connection
[   11.243480] mptbase: ioc0: Initiating bringup
[   11.340346] ioc0: LSI53C1030 A0: Capabilities={Initiator}
[   12.401853] scsi host2: ioc0: LSI53C1030 A0, FwRev=00000000h, Ports=1, MaxQ=256, IRQ=20
[   12.540744] scsi 2:0:0:0: Direct-Access     VBOX     HARDDISK         1.0  PQ: 0 ANSI: 5
[   12.733678] scsi target2:0:0: Beginning Domain Validation
[   12.746258] scsi target2:0:0: Domain Validation skipping write tests
[   12.758159] scsi target2:0:0: Ending Domain Validation
[   12.810118] scsi target2:0:0: asynchronous
[   12.824395] scsi 2:0:1:0: Direct-Access     VBOX     HARDDISK         1.0  PQ: 0 ANSI: 5
[   12.834829] scsi target2:0:1: Beginning Domain Validation
[   12.845926] scsi target2:0:1: Domain Validation skipping write tests
[   12.851833] scsi target2:0:1: Ending Domain Validation
[   12.873325] scsi target2:0:1: asynchronous
[   12.909359] sd 2:0:0:0: [sda] 20971520 512-byte logical blocks: (10.7 GB/10.0 GiB)
[   12.934314] sd 2:0:0:0: Attached scsi generic sg0 type 0
[   12.941752] sd 2:0:1:0: Attached scsi generic sg1 type 0
[   12.954390] sd 2:0:1:0: [sdb] 20480 512-byte logical blocks: (10.5 MB/10.0 MiB)
[   12.975221] sd 2:0:1:0: [sdb] Write Protect is off
[   12.975456] sd 2:0:1:0: [sdb] Incomplete mode parameter data
[   12.975458] sd 2:0:1:0: [sdb] Assuming drive cache: write through
[   13.061591] sd 2:0:0:0: [sda] Write Protect is off
[   13.068821] sd 2:0:0:0: [sda] Incomplete mode parameter data
[   13.068824] sd 2:0:0:0: [sda] Assuming drive cache: write through
[   13.359096]  sda: sda1
[   13.491695] sd 2:0:1:0: [sdb] Attached SCSI disk
[   13.511313] sd 2:0:0:0: [sda] Attached SCSI disk
[   13.772091] e1000 0000:00:08.0 eth1: (PCI:33MHz:32-bit) 08:00:27:6b:8d:81
[   13.783761] e1000 0000:00:08.0 eth1: Intel(R) PRO/1000 Network Connection
[   13.797535] e1000 0000:00:03.0 enp0s3: renamed from eth0
[   13.818992] e1000 0000:00:08.0 enp0s8: renamed from eth1
Begin: Loading essential drivers ... [   15.357927] md: linear personality registered for level -1
[   15.393577] md: multipath personality registered for level -4
[   15.407581] md: raid0 personality registered for level 0
[   15.434907] md: raid1 personality registered for level 1
[   15.529549] raid6: sse2x1   gen()  5687 MB/s
[   15.609516] raid6: sse2x1   xor()  5714 MB/s
[   15.685247] raid6: sse2x2   gen()  9551 MB/s
[   15.769500] raid6: sse2x2   xor()  4953 MB/s
[   15.841232] raid6: sse2x4   gen() 11049 MB/s
[   15.909468] raid6: sse2x4   xor()  7528 MB/s
[   15.981276] raid6: avx2x1   gen() 13632 MB/s
[   16.053729] raid6: avx2x2   gen() 14109 MB/s
[   16.125524] raid6: avx2x4   gen() 18845 MB/s
[   16.130906] raid6: using algorithm avx2x4 gen() 18845 MB/s
[   16.138600] raid6: using avx2x2 recovery algorithm
[   16.143493] xor: automatically using best checksumming function:
[   16.213234]    avx       : 46434.000 MB/sec
[   16.224076] async_tx: api initialized (async)
[   16.261398] md: raid6 personality registered for level 6
[   16.264011] md: raid5 personality registered for level 5
[   16.271656] md: raid4 personality registered for level 4
[   16.282976] md: raid10 personality registered for level 10
done.
Begin: Running /scripts/init-premount ... done.
Begin: Mounting root file system ... Begin: Runn[   16.327833] Btrfs loaded
ing /scripts/local-top ... done.
Begin: Running /scripts/local-premount ... Scanning for Btrfs filesystems
done.
Warning: fsck not present, so skipping root file system
[   16.448732] EXT4-fs (sda1): mounted filesystem with ordered data mode. Opts: (null)
done.
Begin: Running /scripts/local-bottom ... done.
Begin: Running /scripts/init-bottom ... done.
[   16.988370] systemd[1]: systemd 229 running in system mode. (+PAM +AUDIT +SELINUX +IMA +APPARMOR +SMACK +SYSVINIT +UTMP +LIBCRYPTSETUP +GCRYPT +GNUTLS +ACL +XZ -LZ4 +SECCOMP +BLKID +ELFUTILS +KMOD -IDN)
[   17.017700] systemd[1]: Detected virtualization oracle.
[   17.022578] systemd[1]: Detected architecture x86-64.

Welcome to [1mUbuntu 16.04.4 LTS[0m!

[   17.058999] systemd[1]: Set hostname to <ubuntu>.
[   17.069438] systemd[1]: Initializing machine ID from random generator.
[   17.082533] systemd[1]: Installed transient /etc/machine-id file.
[   17.800994] systmd[1]: Set up automount Arbitrary Executable File Forats File System utomount Point.
[[0;32m  OK  [0m] Set up automount Arbitrary Executab...ats File System Automount Point.
[   18.210785] systemd[1]: Listing on Journal Audit Socket.
[[0;32m  OK  [0m] Listening on [   18.366006] random: nonblocking pool is initialized
Journal Audit Socket.
[   18.397995] systemd[1]: Listening onDevice-mapper event daemon FIFOs.
[[0;32m  OK  [0m] Listening on Device-mapper event daemon FIFOs.
[  18.47073 systemd[1]: Reached target User and Group Name Lookups.
[[0;32m  OK  [0m] Reached target User and Group Name Lookups.
[   18.652045] systemd[1]: Listenng on udev Control Socket.
[[0;32m  OK  [0m] Listening on udev Control Socket.
[   18.780479] systemd[1]: Started Forward Password Requests to Wall Directory Watch. [[0;32m  OK  [0m] Started Forward Password Requests to Wall Directory Watch.
[   19.199954] systemd[1]: Lisni on LVM2 poll daeon socket.
[[0;32m  OK  [0m] Listening on LVM2 poll daemon socket.
[   19.36525] systemd[1]: eached target System Time Synchronized.
[[0;32m  OK  [0m] Reached target System Time Synchronized.
[  1478075]systemd1]: Listening onudev Kernel Socket.
[[0;32m  OK  [0m] Listening on udev Kernel Socket.
[   20.378994] systemd[1]: Created slce System Slice.
[[0;32m  OK  [0m] Created slice System Slice.
[   20.699665] systemd[1]: Reached target Swap.
[[0;32m  OK  [0m] Reached target Swap.
[   20.730950] systemd[1]: Listening on LVM madata daemo socket.
[[0;32m  OK  [0m] Listening on LVM2 metadata daemon socket.
[   21.160916] systemd[1]: Created lice User and Session Slice.
[[0;32m  OK  [0m] Created slice User and Session Slice.
[   21.400977] systemd[1]: Started Trigger resolvconf update for networkd DNS.
[[0;32m  OK  [0m] Started Trigger resolvconf update for networkd DNS.
[   21.491803] systemd[1]: Listening on Journal Socket.
[[0;32m  OK  [0m] Listening on Journal Socket.
[   21.734051] systemd[1]: Starting Load Kernel Modules...
         Starting Load Kernel Modules...
[   21.747883] systemd[1]: Mounting Huge Pages File System...
         Mounting Huge Pages File System...
[   21.763301] systemd[1]: Mounting POSIX Message Queue File System...
         Mounting POSIX Message Queue File System...
[   21.786731] Loading iSCSI transport class v2.0-870.
[   21.788050] systemd[1]: Starting Remount Root and Kernel File Systems...
[   21.793806] EXT4-fs (sda1): re-mounted. Opts: (null)
         Starting Remount Root and Kernel File Systems...
[   21.840828] iscsi: registered transport (tcp)
[   21.862516] systemd[1]: Starting Uncomplicated firewall...
         Starting Uncomplicated firewall...
[   21.874811] systemd[1]: Starting Monitoring of LVM2 mirrors, snapshots etc. using dmeventd or progress polling...
         Starting Monitoring of LVM2 mirrors... dmeventd or progress polling...
[   21.901893] systemd[1]: Starting Create list of required static device nodes for the current kernel...
         Starting Create list of required st... nodes for the current kernel...
[   21.935905] iscsi: registered transport (iser)
[   21.957917] systemd[1]: Starting Nameserver information manager...
         Starting Nameserver information manager...
[   21.965810] systemd[1]: Starting Set console keymap...
         Starting Set console keymap...
[   21.973908] systemd[1]: Listening on /dev/initctl Compatibility Named Pipe.
[[0;32m  OK  [0m] Listening on /dev/initctl Compatibility Named Pipe.
[   21.983372] systemd[1]: Reached target Encrypted Volumes.
[[0;32m  OK  [0m] Reached target Encrypted Volumes.
[   22.024643] systemd[1]: Created slice system-serial\x2dgetty.slice.
[[0;32m  OK  [0m] Created slice system-serial\x2dgetty.slice.
[   22.078102] systemd[1]: Mounting Debug File System...
         Mounting Debug File System...
[   22.094538] systemd[1]: Listening on Journal Socket (/dev/log).
[[0;32m  OK  [0m] Listening on Journal Socket (/dev/log).
[   22.113884] systemd[1]: Listening on Syslog Socket.
[[0;32m  OK  [0m] Listening on Syslog Socket.
[   22.158402] systemd[1]: Starting Journal Service...
         Starting Journal Service...
[   22.166798] systemd[1]: Reached target Slices.
[[0;32m  OK  [0m] Reached target Slices.
[   22.179990] systemd[1]: Mounted POSIX Message Queue File System.
[[0;32m  OK  [0m] Mounted POSIX Message Queue File System.
[   22.193103] systemd[1]: Mounted Huge Pages File System.
[[0;32m  OK  [0m] Mounted Huge Pages File System.
[   22.200864] systemd[1]: Mounted Debug File System.
[[0;32m  OK  [0m] Mounted Debug File System.
[   22.206679] systemd[1]: Started Load Kernel Modules.
[[0;32m  OK  [0m] Started Load Kernel Modules.
[   22.214205] systemd[1]: Started Remount Root and Kernel File Systems.
[[0;32m  OK  [0m] Started Remount Root and Kernel File Systems.
[   22.234203] systemd[1]: Started Uncomplicated firewall.
[[0;32m  OK  [0m] Started Uncomplicated firewall.
[   22.259253] systemd[1]: Started Create list of required static device nodes for the current kernel.
[[0;32m  OK  [0m] Started Create list of required sta...ce nodes for the current kernel.
[   22.334046] systemd[1]: Started Set console keymap.
[[0;32m  OK  [0m] Started Set console keymap.
[   22.362298] systemd[1]: Started Nameserver information manager.
[[0;32m  OK  [0m] Started Nameserver information manager.
[   22.400730] systemd[1]: Started Journal Service.
[[0;32m  OK  [0m] Started Journal Service.
[[0;32m  OK  [0m] Started LVM2 metadata daemon.
         Starting Create Static Device Nodes in /dev...
         Starting Flush Journal to Persistent Storage...
         Starting Load/Save Random Seed...
         Starting udev Coldplug all Devices...
         Mounting FUSE Control File System...
         Starting Apply Kernel Variables...
[[0;32m  OK  [0m] Mounted FUSE Control File System.
[[0;32m  OK  [0m] Started Load/Save Random Seed.
[[0;32m  OK  [0m] Started Create Static Device Nodes in /dev.
[[0;32m  OK  [0m] Started Apply Kernel Variables.
[[0;32m  OK  [0m] Started Flush Journal to Persistent Storage.
[[0;32m  OK  [0m] Started udev Coldplug all Devices.
         Starting udev Kernel Device Manager...
[[0;32m  OK  [0m] Started Monitoring of LVM2 mirrors,...ng dmeventd or progress polling.
[[0;32m  OK  [0m] Started udev Kernel Device Manager.
[[0;32m  OK  [0m] Started Dispatch Password Requests to Console Directory Watch.
[[0;32m  OK  [0m] Reached target Local File Systems (Pre).
[[0;32m  OK  [0m] Reached target Local File Systems.
         Starting Tell Plymouth To Write Out Runtime Data...
         Starting Create Volatile Files and Directories...
         Starting Set console font and keymap...
         Starting Initial cloud-init job (pre-networking)...
         Starting Commit a transient machine-id on disk...
         Starting LSB: AppArmor initialization...
[[0;32m  OK  [0m] Started Tell Plymouth To Write Out Runtime Data.
[[0;32m  OK  [0m] Started Create Volatile Files and Directories.
[[0;32m  OK  [0m] Started Commit a transient machine-id on disk.
[[0;32m  OK  [0m] Found device /dev/ttyS0.
         Starting Update UTMP about System Boot/Shutdown...
[[0;32m  OK  [0m] Started Update UTMP about System Boot/Shutdown.
[[0;32m  OK  [0m] Listening on Load/Save RF Kill Switch Status /dev/rfkill Watch.
[[0;32m  OK  [0m] Started Set console font and keymap.
[[0;32m  OK  [0m] Created slice system-getty.slice.
[[0;32m  OK  [0m] Started LSB: AppArmor initialization.
[   23.092878] cloud-init[497]: Cloud-init v. 18.2 running 'init-local' at Thu, 02 Aug 2018 10:11:43 +0000. Up 22.54 seconds.
[[0;32m  OK  [0m] Started Initial cloud-init job (pre-networking).
[[0;32m  OK  [0m] Reached target Network (Pre).
         Starting Raise network interfaces...
[[0;32m  OK  [0m] Started Raise network interfaces.
[[0;32m  OK  [0m] Reached target Network.
         Starting Initial cloud-init job (metadata service crawler)...
[   25.435306] cloud-init[978]: Cloud-init v. 18.2 running 'init' at Thu, 02 Aug 2018 10:11:44 +0000. Up 24.22 seconds.
[   25.442272] cloud-init[978]: ci-info: ++++++++++++++++++++++++++++++++++++++Net device info++++++++++++++++++++++++++++++++++++++
[   25.467953] cloud-init[978]: ci-info: +--------+-------+----------------------------+---------------+-------+-------------------+
[   25.487330] cloud-init[978]: ci-info: | Device |   Up  |          Address           |      Mask     | Scope |     Hw-Address    |
[   25.503920] cloud-init[978]: ci-info: +--------+-------+----------------------------+---------------+-------+-------------------+
[   25.520921] cloud-init[978]: ci-info: | enp0s3 |  True |         10.0.2.15          | 255.255.255.0 |   .   | 02:c5:fa:e6:4f:6d |
[   25.556401] cloud-init[978]: ci-info: | enp0s3 |  True | fe80::c5:faff:fee6:4f6d/64 |       .       |  link | 02:c5:fa:e6:4f:6d |
[[   25.595803] cloud-init[978]: ci-info: | enp0s8 | False |             .              |       .       |   .   | 08:00:27:6b:8d:81 |
[   25.597196] cloud-init[978]: ci-info: |   lo   |  True |         127.0.0.1          |   255.0.0.0   |   .   |         .         |
[   25.597561] cloud-init[978]: ci-info: |   lo   |  True |          ::1/128           |       .       |  host |         .         |
[0;32m  OK  [0m] Started Initial cloud-init job (metadata service crawler).
[   25.606786] cloud-init[978]: ci-info: +--------+-------+----------------------------+---------------+-------+-------------------+
[   25.796563] cloud-init[978]: ci-info: +++++++++++++++++++++++++++Route IPv4 info++++++++++++++++++++++++++++
[   25.797477] [cloud-init[0;32m  OK  [0m[978]: ] ci-info: +-------+-------------+----------+---------------+-----------+-------+Reached target Network is Online.

[   25.799539] cloud-init[978]: ci-info: | Route | Destination | Gateway  |    Genmask    | Interface | Flags |
         [   25.895476] Starting iSCSI initiator daemon (iscsid)...cloud-init
[978]: ci-info: +-------+-------------+----------+---------------+-----------+-------+
[   25.929295] cloud-init[978]: ci-info: |   0   |   0.0.0.0   | 10.0.2.2 |    0.0.0.0    |   enp0s3  |   UG  |
[   25.930149] cloud-init[978]: ci-info: |   1   |   10.0.2.0  | 0.0.0.0  | 255.255.255.0 |   enp0s3  |   U   |
[[0;32m  OK  [0m] Reached target Cloud-config availability.
[   25.930399] cloud-init[978]: ci-info: +-------+-------------+----------+---------------+-----------+-------+
[[   26.036971] [0;32m  OK  [0mcloud-init] [978]: Reached target System Initialization.Generating public/private rsa key pair.

[[   26.037546] cloud-init[978]: Your identification has been saved in /etc/ssh/ssh_host_rsa_key.
[   26.274025] [0;32m  OK  [0mcloud-init] [978]: Listening on ACPID Listen Socket.Your public key has been saved in /etc/ssh/ssh_host_rsa_key.pub.

[   26.275816] cloud-init[978]: The key fingerprint is:
[   26.344987] cloud-init[978]: SHA256:QjvAF0+ETk1W8IH0HpjUgexQAC/THe01K5uWEnUbjAE root@ubuntu-xenial
[   26.345471] cloud-init[978]: The key's randomart image is:
[   26.349874] cloud-init[978]: +---[RSA 2048]----+
[   26.350734] cloud-init[978]: |    ..oXEO==     |
[   26.353264] cloud-init[978]: |   . o+B=*=.*    |
[   26.354550] cloud-init[978]: |    =o=o=o+o =   |
[   26.355401] cloud-init[978]: |     *..o.o.o    |
[   26.355474] cloud-init[978]: |      + S..=     |
[   26.355521] cloud-init[978]: |       o. =      |
[   26.355561] cloud-init[978]: |         o       |
[   26.355599] cloud-init[978]: |                 |
[   26.355639] cloud-init[978]: |                 |
[   26.355677] cloud-init[978]: +----[SHA256]-----+
[   26.355717] cloud-init[978]: Generating public/private dsa key pair.
[   26.355756] cloud-init[978]: Your identification has been saved in /etc/ssh/ssh_host_dsa_key.
         Starting LXD - unix socket.
[   26.355994] cloud-init[978]: Your public key has been saved in /etc/ssh/ssh_host_dsa_key.pub.
[   26.653801] cloud-init[978]: The key fingerprint is:
[[0;32m  OK  [0m] Started Daily apt download activities.
[   26.656554] cloud-init[978]: SHA256:IlbCPZMovp+6PqhQrV4KCDCX/dJk7CMf0L/OTdBrZuA root@ubuntu-xenial
[   26.708568] cloud-init[978]: The key's randomart image is:
[   26.709838] cloud-init[978]: +---[DSA 1024]----+
[[0;32m  OK  [0m] Listening on D-Bus System Message Bus Socket.
[   26.710667] cloud-init[978]: |                 |
[   26.749551] [cloud-init[0;32m  OK  [0m[978]: ] |   + = .         |Started Daily Cleanup of Temporary Directories.

[   26.764976] cloud-init[978]: |o + * @          |
[   26.765565] [cloud-init[0;32m  OK  [0m[978]: ] |.+ o X + .       |Started Daily apt upgrade and clean activities.

[[   26.767285] cloud-init[978]: |. o * B S .      |
[   26.854220] cloud-init[978]: |o. + = = + .     |[0;32m  OK  [0m
] Reached target Timers.
[   26.924853] cloud-init[978]: |+.o . . E *      |
[   26.925760] cloud-init[978]: |oo.+ . o *       |
[   26.928622] cloud-init[978]: |o.*+o   o .      |
[[0;32m  OK  [0m] Listening on UUID daemon activation socket.
[   26.929196] cloud-init[978]: +----[SHA256]-----+
[   27.004559] cloud-init[978]: Generating public/private ecdsa key pair.
[   27.005194] cloud-init[978]: Your identification has been saved in /etc/ssh/ssh_host_ecdsa_key.
         Starting Socket activation for snappy daemon.
[   27.005917] cloud-init[978]: Your public key has been saved in /etc/ssh/ssh_host_ecdsa_key.pub.
[   27.141884] cloud-init[978]: The key fingerprint is:
[   27.142638] cloud-init[978]: SHA256:yIIpN+5ZCRMY9jO/p46Bg9Q8qPfxUUP+TCnqCbxBh8o root@ubuntu-xenial
[[0;32m  OK  [0m] Started ACPI Events Check.
[[   27.144974] cloud-init[978]: The key's randomart image is:
[   27.271770] cloud-init[978]: +---[ECDSA 256]---+
[   27.274733] cloud-init[978]: |..               |
[   27.275825] cloud-init[978]: |.o.              |
[   27.277791] cloud-init[978]: |. .+    .        |
[   27.278995] cloud-init[978]: |  +++o +   .     |
[   27.280980] cloud-init[978]: |.oB++.+ S o      |
[0;32m  OK  [0m] Reached target Paths.
[   27.282241] cloud-init[978]: |+=.B.+.o *       |
[[0;32m  OK  [0m] Listening on LXD - unix socket.
[[   27.320287] cloud-init[978]: |ooE.B.o.  o      |
[   27.324575] cloud-init[978]: | o.+oBoo         |
[0;32m  OK  [0m] Listening on Socket activation for snappy daemon.
[   27.326865] cloud-init[978]: |  o.+o+          |
[   27.361744] cloud-init[978]: +----[SHA256]-----+
[[0;32m  OK  [0m] Started iSCSI initiator daemon (iscsid).
[   27.362062] cloud-init[978]: Generating public/private ed25519 key pair.
[   27.440823] cloud-init[978]: Your identification has been saved in /etc/ssh/ssh_host_ed25519_key.
[   27.477108] cloud-init[978]: Your public key has been saved in /etc/ssh/ssh_host_ed25519_key.pub.
         Starting Login to default iSCSI targets...
[[0;32m  OK  [0m] Reached target Sockets.
[[0;32m  OK  [0m] Reached target Basic System.
[   27.563409] cloud-init[978]: The key fingerprint is:
[   27.639653]          Starting LXD - container startup/shutdown...
         Starting Login Service...
[cloud-init[978]: SHA256:BZL1rpm93OrZCViFAw2EB/y6NlJ25EkaVjE0EEm4PkE root@ubuntu-xenial
[   27.644241] cloud-init[978]: The key's randomart image is:
[0;32m  OK  [0m] Started Unattended Upgrades Shutdown.
[   27.644293] cloud-init[978]: +--[ED25519 256]--+
[   27.676267]          Starting LSB: MD monitoring daemon...
cloud-init[978]: |     +*@@+       |
[   27.701008]          Starting Snappy daemon...
         Starting System Logging Service...
[[0;32m  OK  [0mcloud-init[978]: |    E =.o*..     |
[   27.706470] cloud-init[978]: |   . . +  = .    |
] Started FUSE filesystem for LXC.
[   27.706534] cloud-init[978]: |    o o +o o     |
[   27.749268] cloud-init[978]: |   . o BS.o      |
[   27.768272] [cloud-init[0;32m  OK  [0m[978]: ] |    o = +B       |Started ACPI event daemon.

[   27.769307] cloud-init[978]: |     + o= o      |
         Starting LSB: Record successful boot for GRUB...
[   27.809563] cloud-init[978]: |    . +  . * .   |
[   27.889042] [cloud-init[0;32m  OK  [0m[978]: ] |     o . .*.+    |Started D-Bus System Message Bus.

[   27.934761] cloud-init[978]: +----[SHA256]-----+
[[0;32m  OK  [0m] Started Deferred execution scheduler.
         Starting Apply the settings specified in cloud-config...
         Starting Accounts Service...
         Starting /etc/rc.local Compatibility...
[[0;32m  OK  [0m] Started Regular background program processing daemon.
         Starting Virtualbox guest utils...
         Starting Pollinate to seed the pseudo random number generator...
[[0;32m  OK  [0m] Started System Logging Service.
[[0;32m  OK  [0m] Started Snappy daemon.
[[0;32m  OK  [0m] Started LXD - container startup/shutdown.
[[0;32m  OK  [0m] Started /etc/rc.local Compatibility.
[[0;32m  OK  [0m] Started LSB: Record successful boot for GRUB.
[[0;32m  OK  [0m] Started LSB: MD monitoring daemon.
[[0;32m  OK  [0m] Started Login to default iSCSI targets.
[[0;32m  OK  [0m] Started Login Service.
         Starting Authenticate and Authorize Users to Run Privileged Tasks...
[[0;32m  OK  [0m] Reached target Remote File Systems (Pre).
[[0;32m  OK  [0m] Reached target Remote File Systems.
         Starting LSB: daemon to balance interrupts for SMP systems...
         Starting LSB: Set the CPU Frequency Scaling governor to "ondemand"...
         Starting LSB: automatic crash report generation...
         Starting Permit User Sessions...
         Starting Wait until snapd is fully seeded...
[[0;32m  OK  [0m] Started Virtualbox guest utils.
[[0;32m  OK  [0m] Started Permit User Sessions.
[[0;32m  OK  [0m] Started Authenticate and Authorize Users to Run Privileged Tasks.
[[0;32m  OK  [0m] Started Accounts Service.
         Starting Terminate Plymouth Boot Screen...
         Starting Hold until boot process finishes up...
[[0;32m  OK  [0m] Started Pollinate to seed the pseudo random number generator.
[[0;32m  OK  [0m] Started LSB: daemon to balance interrupts for SMP systems.
[[0;32m  OK  [0m] Started LSB: Set the CPU Frequency Scaling governor to "ondemand".
[[0;32m  OK  [0m] Started LSB: automatic crash report generation.
[[0;32m  OK  [0m] Started Terminate Plymouth Boot Screen.
[[0;32m  OK  [0m] Started Hold until boot process finishes up.
[[0;32m  OK  [0m] Started Serial Getty on ttyS0.
         Starting Set console scheme...
[[0;32m  OK  [0m] Started Getty on tty1.
[[0;32m  OK  [0m] Reached target Login Prompts.
         Starting OpenBSD Secure Shell server...
[[0;32m  OK  [0m] Started Set console scheme.
[   29.026332] cloud-init[1120]: Generating locales (this might take a while)...
[[0;32m  OK  [0m] Started OpenBSD Secure Shell server.
[[0;32m  OK  [0m] Created slice User Slice of vagrant.
         Starting User Manager for UID 1000...
[[0;32m  OK  [0m] Started Session 1 of user vagrant.
[[0;32m  OK  [0m] Started Wait until snapd is fully seeded.
[[0;32m  OK  [0m] Reached target Multi-User System.
[[0;32m  OK  [0m] Reached target Graphical Interface.
         Starting Update UTMP about System Runlevel Changes...
[[0;32m  OK  [0m] Started User Manager for UID 1000.
[[0;32m  OK  [0m] Started Update UTMP about System Runlevel Changes.
[   30.472782] cloud-init[1120]:   en_US.UTF-8... done
[   30.490627] cloud-init[1120]: Generation complete.
[   31.391737] cloud-init[1120]: Cloud-init v. 18.2 running 'modules:config' at Thu, 02 Aug 2018 10:11:49 +0000. Up 28.71 seconds.
[[0;32m  OK  [0m] Started Apply the settings specified in cloud-config.
         Starting Execute cloud user/final scripts...
         Stopping User Manager for UID 1000...
[[0;32m  OK  [0m] Stopped User Manager for UID 1000.
[[0;32m  OK  [0m] Removed slice User Slice of vagrant.
ci-info: no authorized ssh keys fingerprints found for user ubuntu.
[[0;32m  OK  [0m] Created slice User Slice of vagrant.
<14>Aug  2 10:11:53 ec2: 
<14>Aug  2 10:11:53 ec2: #############################################################
<14>Aug  2 10:11:53 ec2: -----BEGIN SSH HOST KEY FINGERPRINTS-----
<14>Aug  2 10:11:53 ec2: 1024 SHA256:IlbCPZMovp+6PqhQrV4KCDCX/dJk7CMf0L/OTdBrZuA root@ubuntu-xenial (DSA)
<14>Aug  2 10:11:53 ec2: 256 SHA256:yIIpN+5ZCRMY9jO/p46Bg9Q8qPfxUUP+TCnqCbxBh8o root@ubuntu-xenial (ECDSA)
<14>Aug  2 10:11:53 ec2: 256 SHA256:BZL1rpm93OrZCViFAw2EB/y6NlJ25EkaVjE0EEm4PkE root@ubuntu-xenial (ED25519)
<14>Aug  2 10:11:53 ec2: 2048 SHA256:QjvAF0+ETk1W8IH0HpjUgexQAC/THe01K5uWEnUbjAE root@ubuntu-xenial (RSA)
<14>Aug  2 10:11:53 ec2: -----END SSH HOST KEY FINGERPRINTS-----
<14>Aug  2 10:11:53 ec2: #############################################################
-----BEGIN SSH HOST KEY KEYS-----
ecdsa-sha2-nistp256 AAAAE2VjZHNhLXNoYTItbmlzdHAyNTYAAAAIbmlzdHAyNTYAAABBBLa8g1JNLx/W0dx25wBGerkurDplrDcdFRbUB59SClwyYYR0rZ64Yn9U0YTgo89ToIQMn0SHSeUPZAjdC5wlpHY= root@ubuntu-xenial
ssh-ed25519 AAAAC3NzaC1lZDI1NTE5AAAAIBC9dn2kHCJLW1UR3olXDAq136fy9Lv2XYcl16jElaCu root@ubuntu-xenial
ssh-rsa AAAAB3NzaC1yc2EAAAADAQABAAABAQDz08UJTZ1tdnbAHnkF4x8HxL1gZ3o5jpa/fPOokR8fbs0MkaXY3HcyGoaNSY3hk2kOSnS705HiLhPF1ER9tHVFR+QK+ZX+2uHTOyZHsHUAQrQyRnnEqSQPBHr8lCfJ3pZ3spEKQlIa54HmncmBmQRnj/0jkvxDQaUdRoKFpK5Xz3wzX8vYNM5/CpAlnlFTCyaR9U/so5PlzdyYPWnMSUMzhnoUpofY4JYELlqzag7ECymUHpfiMYmf2zZlPWcq2ZfhTm/0Tz3RwNA/LOtcjblhiKQNN7FXUkRqD8gmt9OVEX8aYmdpK4oVR3d3RyXYt1dpm1/1UGhxrvdDB1m/oVoH root@ubuntu-xenial
-----END SSH HOST KEY KEYS-----
         Starting User Manager for UID 1000...
[   33.082221] cloud-init[1464]: Cloud-init v. 18.2 running 'modules:final' at Thu, 02 Aug 2018 10:11:52 +0000. Up 32.17 seconds.
[[0;32m  OK  [0m] Started User Manager for UID 1000.
[[0;32m  OK  [0m] Started Execute cloud user/final scripts.
[   33.173761] cloud-init[1464]: ci-info: no authorized ssh keys fingerprints found for user ubuntu.
[   33.195827] [[0;32m  OK  [0m] Started Session 2 of user vagrant.
cloud-init[1464]: Cloud-init v. 18.2 finished at Thu, 02 Aug 2018 10:11:53 +0000. Datasource DataSourceNoCloud [seed=/dev/sdb][dsmode=net].  Up 33.07 seconds
[[0;32m  OK  [0m] Reached target Cloud-init target.

Ubuntu 16.04.4 LTS ubuntu-xenial ttyS0

ubuntu-xenial login: 